2022-11-11T16:10:24+00:00 DEBUG Tt4b_Pixel_Class::inject_view_content_event: hit injectViewContentEvent
2022-11-11T16:10:24+00:00 DEBUG Tt4b_Pixel_Class::inject_view_content_event: Missing option "access_token"
2022-11-11T16:10:43+00:00 DEBUG Tt4b_Pixel_Class::inject_view_content_event: hit injectViewContentEvent
2022-11-11T16:10:43+00:00 DEBUG Tt4b_Pixel_Class::inject_view_content_event: Missing option "access_token"
2022-11-11T17:15:38+00:00 DEBUG Tt4b_Pixel_Class::inject_view_content_event: hit injectViewContentEvent
2022-11-11T17:15:38+00:00 DEBUG Tt4b_Pixel_Class::inject_view_content_event: Missing option "access_token"
2022-11-11T17:15:43+00:00 DEBUG Tt4b_Pixel_Class::inject_add_to_cart_event: hit injectAddToCartEvent
2022-11-11T17:15:43+00:00 DEBUG Tt4b_Pixel_Class::inject_add_to_cart_event: Missing option "access_token"
2022-11-11T17:15:43+00:00 DEBUG Tt4b_Pixel_Class::inject_view_content_event: hit injectViewContentEvent
2022-11-11T17:15:43+00:00 DEBUG Tt4b_Pixel_Class::inject_view_content_event: Missing option "access_token"
2022-11-11T17:30:45+00:00 DEBUG Tt4b_Pixel_Class::inject_add_to_cart_event: hit injectAddToCartEvent
2022-11-11T17:30:45+00:00 DEBUG Tt4b_Pixel_Class::inject_add_to_cart_event: Missing option "access_token"
2022-11-11T17:35:14+00:00 DEBUG Tt4b_Pixel_Class::inject_add_to_cart_event: hit injectAddToCartEvent
2022-11-11T17:35:14+00:00 DEBUG Tt4b_Pixel_Class::inject_add_to_cart_event: Missing option "access_token"
2022-11-11T17:37:22+00:00 DEBUG POST: https://business-api.tiktok.com/open_api/v1.2/tbp/business_profile/disconnect/

{"external_business_id":"tt4b_woocommerce_636d1b9de265f","business_platform":"WOO_COMMERCE","is_setup_page":0,"app_id":"7164412951502258177"}

2022-11-11T17:37:22+00:00 DEBUG Tt4b_Mapi_Class::mapi_post: Response: 

HTTP/1.1 200 OK
Server: nginx
Content-Type: application/json; charset=utf-8
Content-Length: 103
X-Api-Deprecation-Info: API for Business Version 1.3 is now live. To avoid disruption to your business, we recommend you migrate all calls to v1.3 as soon as possible. Please visit our migration guide for more details: https://ads.tiktok.com/marketing_api/docs?id=1740029169927169
X-Domain-Change-Info: We have moved to the new domain business-api.tiktok.com for API services after the Platform Upgrade on 09/30/2021. Please update all of your requests with the new domain if you haven't done so already. For more information, please visit https://ads.tiktok.com/marketing_api/docs?rid=esb88xalm6m&id=1709207085043713
X-Tt-Logid: 20221111173722010245032243220D3A5B
x-tt-trace-host: 01e928d59ccb9326dab26ff623514c57ffcafab950d00396f6b74a055170216f8d191704ad0c63ca486b9775ec10e2b3982729f6b12491d0cc82cb535cc7ed52da3c7b07e449b159d4a29b0d2a8e81c34b1370ff3b7950d449445b20e143499644
X-Origin-Response-Time: 5,23.48.172.88
X-Akamai-Request-ID: 9ff956f.1b9c1168
Expires: Fri, 11 Nov 2022 17:37:22 GMT
Cache-Control: max-age=0, no-cache, no-store
Pragma: no-cache
Date: Fri, 11 Nov 2022 17:37:22 GMT
X-Cache: TCP_MISS from a113-171-231-72.deploy.akamaitechnologies.com (AkamaiGHost/10.10.1-44825277) (-)
Connection: close
X-Cache-Remote: TCP_MISS from a23-48-172-88.deploy.akamaitechnologies.com (AkamaiGHost/10.10.1-44825277) (-)
x-tt-trace-tag: id=16;cdn-cache=miss;type=dyn
Server-Timing: cdn-cache; desc=MISS, edge; dur=65, origin; dur=5
Server-Timing: inner; dur=4
X-Parent-Response-Time: 68,113.171.231.72

{"code":40104,"message":"The access_token is empty.","request_id":"20221111173722010245032243220D3A5B"}

2022-11-11T17:37:22+00:00 DEBUG POST: https://business-api.tiktok.com/tbp/v2.0/shop/connection/disconnect?external_data=

--- EMPTY STRING ---

2022-11-11T17:37:23+00:00 DEBUG Tt4b_Mapi_Class::tts_shop_disconnect: Response: 

HTTP/1.1 200 OK
Server: nginx
Content-Type: application/json; charset=utf-8
Content-Length: 95
X-Api-Deprecation-Info: API for Business Version 1.3 is now live. To avoid disruption to your business, we recommend you migrate all calls to v1.3 as soon as possible. Please visit our migration guide for more details: https://ads.tiktok.com/marketing_api/docs?id=1740029169927169
X-Domain-Change-Info: We have moved to the new domain business-api.tiktok.com for API services after the Platform Upgrade on 09/30/2021. Please update all of your requests with the new domain if you haven't done so already. For more information, please visit https://ads.tiktok.com/marketing_api/docs?rid=esb88xalm6m&id=1709207085043713
X-Tt-Logid: 20221111173723010245027066235FEB27
x-tt-trace-host: 01e928d59ccb9326dab26ff623514c57ffcafab950d00396f6b74a055170216f8d1319a6bd28c4de9c49ab33046eb231d9e9208c27b68c3a50894e0f7d6c2955791dd0c900f2b1acc5490129917cd4379a46c3d6c7c511ffa0981ec6c3cafae341
X-Origin-Response-Time: 14,23.48.172.81
X-Akamai-Request-ID: 5305a63d.1b9c1546
Expires: Fri, 11 Nov 2022 17:37:23 GMT
Cache-Control: max-age=0, no-cache, no-store
Pragma: no-cache
Date: Fri, 11 Nov 2022 17:37:23 GMT
X-Cache: TCP_MISS from a113-171-231-72.deploy.akamaitechnologies.com (AkamaiGHost/10.10.1-44825277) (-)
Connection: close
X-Cache-Remote: TCP_MISS from a23-48-172-81.deploy.akamaitechnologies.com (AkamaiGHost/10.10.1-44825277) (-)
x-tt-trace-tag: id=16;cdn-cache=miss;type=dyn
Server-Timing: cdn-cache; desc=MISS, edge; dur=61, origin; dur=14
Server-Timing: inner; dur=12
X-Parent-Response-Time: 72,113.171.231.72

{"code":40001,"message":"Permission denied.","request_id":"20221111173723010245027066235FEB27"}

