2022-11-14T14:35:13+00:00 DEBUG POST: https://ads.tiktok.com/marketing_api/api/developer/app/create_auto_approve/

{"business_platform":"PROD","smb_id":"tt4b_woocommerce_63725221dbbcbhttplocalhostwpwp-admin","smb_name":"PROD","redirect_url":"http:\/\/localhost\/wp\/wp-admin\/"}

2022-11-14T14:35:18+00:00 DEBUG Tt4b_Mapi_Class::create_open_source_app: Response: 

HTTP/1.1 200 OK
Server: nginx
Content-Type: application/json
X-Tt-Logid: 202211141435140102450151262600C027,202211141435140102450151262600C027
x-tt-trace-host: 01e928d59ccb9326dab26ff623514c57ff23b1d59e411e06851325c02fe8c4bba6a6301faaaa9d74589735674e78932026c1ad5bb945a4ba41264af71019ee48814efdb816355844bcff6cd014d3d607155ea4eaa1791dba2331de2ac51afbd188
Content-Encoding: gzip
Content-Length: 201
X-Origin-Response-Time: 4713,23.193.104.209
X-Akamai-Request-ID: c932d028.42974834
Date: Mon, 14 Nov 2022 14:35:19 GMT
X-Cache: TCP_MISS from a113-171-230-139.deploy.akamaitechnologies.com (AkamaiGHost/10.10.1-44825277) (-)
Connection: close
Vary: Accept-Encoding
X-Cache-Remote: TCP_MISS from a23-193-104-209.deploy.akamaitechnologies.com (AkamaiGHost/10.10.1-44825277) (-)
x-tt-trace-tag: id=16;cdn-cache=miss;type=dyn
Server-Timing: cdn-cache; desc=MISS, edge; dur=39, origin; dur=4713
Server-Timing: inner; dur=4709
X-Parent-Response-Time: 4750,113.171.230.139

{"code":0,"msg":"ok","data":{"redirect_uri":"http:\/\/localhost\/wp\/wp-admin\/","app_id":"7165880265955344385","external_data_key":"8227f2be-960d-45c8-9863-96f3ac6ec8ae","app_secret":"b001389fd13d5b42f3880f719692d06ce1ad1476"}}

2022-11-14T14:39:22+00:00 DEBUG tt4b_product_sync: missing access token for tt4b_product_sync
2022-11-14T14:39:32+00:00 DEBUG tt4b_product_sync: missing access token for tt4b_product_sync
2022-11-14T14:40:05+00:00 DEBUG tt4b_product_sync: missing access token for tt4b_product_sync
2022-11-14T14:40:12+00:00 DEBUG tt4b_product_sync: missing access token for tt4b_product_sync
2022-11-14T14:41:12+00:00 DEBUG tt4b_product_sync: missing access token for tt4b_product_sync
2022-11-14T14:42:11+00:00 DEBUG Tt4b_Pixel_Class::inject_add_to_cart_event: hit injectAddToCartEvent
2022-11-14T14:42:11+00:00 DEBUG Tt4b_Pixel_Class::inject_add_to_cart_event: Missing option "access_token"
2022-11-14T14:42:27+00:00 DEBUG tt4b_product_sync: missing access token for tt4b_product_sync
2022-11-14T14:43:02+00:00 DEBUG tt4b_product_sync: missing access token for tt4b_product_sync
2022-11-14T14:43:31+00:00 DEBUG tt4b_product_sync: missing access token for tt4b_product_sync
2022-11-14T14:44:03+00:00 DEBUG tt4b_product_sync: missing access token for tt4b_product_sync
2022-11-14T14:46:26+00:00 DEBUG tt4b_product_sync: missing access token for tt4b_product_sync
2022-11-14T14:47:52+00:00 DEBUG tt4b_product_sync: missing access token for tt4b_product_sync
2022-11-14T14:52:04+00:00 DEBUG tt4b_product_sync: missing access token for tt4b_product_sync
2022-11-14T14:52:27+00:00 DEBUG tt4b_product_sync: missing access token for tt4b_product_sync
2022-11-14T14:54:29+00:00 DEBUG tt4b_product_sync: missing access token for tt4b_product_sync
2022-11-14T14:54:36+00:00 DEBUG tt4b_product_sync: missing access token for tt4b_product_sync
2022-11-14T14:55:03+00:00 DEBUG tt4b_product_sync: missing access token for tt4b_product_sync
2022-11-14T14:55:38+00:00 DEBUG tt4b_product_sync: missing access token for tt4b_product_sync
2022-11-14T14:56:06+00:00 DEBUG tt4b_product_sync: missing access token for tt4b_product_sync
2022-11-14T14:56:19+00:00 DEBUG tt4b_product_sync: missing access token for tt4b_product_sync
2022-11-14T14:58:10+00:00 DEBUG tt4b_product_sync: missing access token for tt4b_product_sync
2022-11-14T14:59:22+00:00 DEBUG tt4b_product_sync: missing access token for tt4b_product_sync
2022-11-14T14:59:36+00:00 DEBUG tt4b_product_sync: missing access token for tt4b_product_sync
2022-11-14T15:00:12+00:00 DEBUG tt4b_product_sync: missing access token for tt4b_product_sync
2022-11-14T15:00:18+00:00 DEBUG tt4b_product_sync: missing access token for tt4b_product_sync
2022-11-14T15:00:58+00:00 DEBUG tt4b_product_sync: missing access token for tt4b_product_sync
2022-11-14T15:01:17+00:00 DEBUG tt4b_product_sync: missing access token for tt4b_product_sync
2022-11-14T15:01:28+00:00 DEBUG tt4b_product_sync: missing access token for tt4b_product_sync
2022-11-14T15:02:10+00:00 DEBUG tt4b_product_sync: missing access token for tt4b_product_sync
2022-11-14T15:02:44+00:00 DEBUG tt4b_product_sync: missing access token for tt4b_product_sync
2022-11-14T15:02:56+00:00 DEBUG tt4b_product_sync: missing access token for tt4b_product_sync
2022-11-14T15:03:33+00:00 DEBUG tt4b_product_sync: missing access token for tt4b_product_sync
2022-11-14T15:04:00+00:00 DEBUG tt4b_product_sync: missing access token for tt4b_product_sync
2022-11-14T15:04:36+00:00 DEBUG tt4b_product_sync: missing access token for tt4b_product_sync
2022-11-14T15:15:10+00:00 DEBUG POST: https://business-api.tiktok.com/open_api/v1.2/tbp/business_profile/disconnect/

{"external_business_id":"tt4b_woocommerce_63725221dbbcb","business_platform":"WOO_COMMERCE","is_setup_page":0,"app_id":"7165880265955344385"}

2022-11-14T15:15:11+00:00 DEBUG Tt4b_Mapi_Class::mapi_post: Response: 

HTTP/1.1 200 OK
Server: nginx
Content-Type: application/json; charset=utf-8
Content-Length: 103
X-Api-Deprecation-Info: API for Business Version 1.3 is now live. To avoid disruption to your business, we recommend you migrate all calls to v1.3 as soon as possible. Please visit our migration guide for more details: https://ads.tiktok.com/marketing_api/docs?id=1740029169927169
X-Domain-Change-Info: We have moved to the new domain business-api.tiktok.com for API services after the Platform Upgrade on 09/30/2021. Please update all of your requests with the new domain if you haven't done so already. For more information, please visit https://ads.tiktok.com/marketing_api/docs?rid=esb88xalm6m&id=1709207085043713
X-Tt-Logid: 202211141515110102510830750ED2E073
x-tt-trace-host: 01e928d59ccb9326dab26ff623514c57ffde918641baf844807a4f61b5e070751fd48081b83a20dae1b9ff349b8b6319277797c54af2075cb49bc329c86a99a9e99052770a07642c33617a31be5195a341505e3495f91112f4316fa1ba179593c1
X-Origin-Response-Time: 9,23.193.104.223
X-Akamai-Request-ID: cd60f20.2a79663a
Expires: Mon, 14 Nov 2022 15:15:11 GMT
Cache-Control: max-age=0, no-cache, no-store
Pragma: no-cache
Date: Mon, 14 Nov 2022 15:15:11 GMT
X-Cache: TCP_MISS from a113-171-230-154.deploy.akamaitechnologies.com (AkamaiGHost/10.10.1-44825277) (-)
Connection: close
X-Cache-Remote: TCP_MISS from a23-193-104-223.deploy.akamaitechnologies.com (AkamaiGHost/10.10.1-44825277) (-)
x-tt-trace-tag: id=16;cdn-cache=miss;type=dyn
Server-Timing: cdn-cache; desc=MISS, edge; dur=62, origin; dur=9
Server-Timing: inner; dur=4
X-Parent-Response-Time: 68,113.171.230.154

{"code":40104,"message":"The access_token is empty.","request_id":"202211141515110102510830750ED2E073"}

2022-11-14T15:15:11+00:00 DEBUG POST: https://business-api.tiktok.com/tbp/v2.0/shop/connection/disconnect?external_data=

--- EMPTY STRING ---

2022-11-14T15:15:11+00:00 DEBUG Tt4b_Mapi_Class::tts_shop_disconnect: Response: 

HTTP/1.1 200 OK
Server: nginx
Content-Type: application/json; charset=utf-8
Content-Length: 95
X-Api-Deprecation-Info: API for Business Version 1.3 is now live. To avoid disruption to your business, we recommend you migrate all calls to v1.3 as soon as possible. Please visit our migration guide for more details: https://ads.tiktok.com/marketing_api/docs?id=1740029169927169
X-Domain-Change-Info: We have moved to the new domain business-api.tiktok.com for API services after the Platform Upgrade on 09/30/2021. Please update all of your requests with the new domain if you haven't done so already. For more information, please visit https://ads.tiktok.com/marketing_api/docs?rid=esb88xalm6m&id=1709207085043713
X-Tt-Logid: 2022111415151101025105817005B14C64
x-tt-trace-host: 01e928d59ccb9326dab26ff623514c57ffde918641baf844807a4f61b5e070751f2f97fe258148aee0add7f597f09f4df7faac9aebc6de80f706aafd0034fa4dd15ca0fefb73fe37d7789ae1d3f5acf04864b23a2e9203f95d5e39bd602de75e99
X-Origin-Response-Time: 14,23.193.104.209
X-Akamai-Request-ID: caa4e172.2a796af9
Expires: Mon, 14 Nov 2022 15:15:11 GMT
Cache-Control: max-age=0, no-cache, no-store
Pragma: no-cache
Date: Mon, 14 Nov 2022 15:15:11 GMT
X-Cache: TCP_MISS from a113-171-230-154.deploy.akamaitechnologies.com (AkamaiGHost/10.10.1-44825277) (-)
Connection: close
X-Cache-Remote: TCP_MISS from a23-193-104-209.deploy.akamaitechnologies.com (AkamaiGHost/10.10.1-44825277) (-)
x-tt-trace-tag: id=16;cdn-cache=miss;type=dyn
Server-Timing: cdn-cache; desc=MISS, edge; dur=64, origin; dur=13
Server-Timing: inner; dur=12
X-Parent-Response-Time: 77,113.171.230.154

{"code":40001,"message":"Permission denied.","request_id":"2022111415151101025105817005B14C64"}

